[28-Aug-2025 15:18:39 America/Chicago] PHP Fatal error:  Uncaught ReflectionException: Class "db" does not exist in /home2/wbuvhbte/public_html/core/vendor/laravel/framework/src/Illuminate/Container/Container.php:959
Stack trace:
#0 /home2/wbuvhbte/public_html/core/vendor/laravel/framework/src/Illuminate/Container/Container.php(959): ReflectionClass->__construct('db')
#1 /home2/wbuvhbte/public_html/core/vendor/laravel/framework/src/Illuminate/Container/Container.php(832): Illuminate\Container\Container->build('db')
#2 /home2/wbuvhbte/public_html/core/vendor/laravel/framework/src/Illuminate/Foundation/Application.php(1078): Illuminate\Container\Container->resolve('db', Array, true)
#3 /home2/wbuvhbte/public_html/core/vendor/laravel/framework/src/Illuminate/Container/Container.php(763): Illuminate\Foundation\Application->resolve('db', Array)
#4 /home2/wbuvhbte/public_html/core/vendor/laravel/framework/src/Illuminate/Foundation/Application.php(1058): Illuminate\Container\Container->make('db', Array)
#5 Command line code(1): Illuminate\Foundation\Application->make('db')
#6 {main}

Next Illuminate\Contracts\Container\BindingResolutionException: Target class [db] does not exist. in /home2/wbuvhbte/public_html/core/vendor/laravel/framework/src/Illuminate/Container/Container.php:961
Stack trace:
#0 /home2/wbuvhbte/public_html/core/vendor/laravel/framework/src/Illuminate/Container/Container.php(832): Illuminate\Container\Container->build('db')
#1 /home2/wbuvhbte/public_html/core/vendor/laravel/framework/src/Illuminate/Foundation/Application.php(1078): Illuminate\Container\Container->resolve('db', Array, true)
#2 /home2/wbuvhbte/public_html/core/vendor/laravel/framework/src/Illuminate/Container/Container.php(763): Illuminate\Foundation\Application->resolve('db', Array)
#3 /home2/wbuvhbte/public_html/core/vendor/laravel/framework/src/Illuminate/Foundation/Application.php(1058): Illuminate\Container\Container->make('db', Array)
#4 Command line code(1): Illuminate\Foundation\Application->make('db')
#5 {main}
  thrown in /home2/wbuvhbte/public_html/core/vendor/laravel/framework/src/Illuminate/Container/Container.php on line 961
[28-Aug-2025 15:18:46 America/Chicago] PHP Fatal error:  Uncaught ReflectionException: Class "db" does not exist in /home2/wbuvhbte/public_html/core/vendor/laravel/framework/src/Illuminate/Container/Container.php:959
Stack trace:
#0 /home2/wbuvhbte/public_html/core/vendor/laravel/framework/src/Illuminate/Container/Container.php(959): ReflectionClass->__construct('db')
#1 /home2/wbuvhbte/public_html/core/vendor/laravel/framework/src/Illuminate/Container/Container.php(832): Illuminate\Container\Container->build('db')
#2 /home2/wbuvhbte/public_html/core/vendor/laravel/framework/src/Illuminate/Foundation/Application.php(1078): Illuminate\Container\Container->resolve('db', Array, true)
#3 /home2/wbuvhbte/public_html/core/vendor/laravel/framework/src/Illuminate/Container/Container.php(763): Illuminate\Foundation\Application->resolve('db', Array)
#4 /home2/wbuvhbte/public_html/core/vendor/laravel/framework/src/Illuminate/Foundation/Application.php(1058): Illuminate\Container\Container->make('db', Array)
#5 Command line code(1): Illuminate\Foundation\Application->make('db')
#6 {main}

Next Illuminate\Contracts\Container\BindingResolutionException: Target class [db] does not exist. in /home2/wbuvhbte/public_html/core/vendor/laravel/framework/src/Illuminate/Container/Container.php:961
Stack trace:
#0 /home2/wbuvhbte/public_html/core/vendor/laravel/framework/src/Illuminate/Container/Container.php(832): Illuminate\Container\Container->build('db')
#1 /home2/wbuvhbte/public_html/core/vendor/laravel/framework/src/Illuminate/Foundation/Application.php(1078): Illuminate\Container\Container->resolve('db', Array, true)
#2 /home2/wbuvhbte/public_html/core/vendor/laravel/framework/src/Illuminate/Container/Container.php(763): Illuminate\Foundation\Application->resolve('db', Array)
#3 /home2/wbuvhbte/public_html/core/vendor/laravel/framework/src/Illuminate/Foundation/Application.php(1058): Illuminate\Container\Container->make('db', Array)
#4 Command line code(1): Illuminate\Foundation\Application->make('db')
#5 {main}
  thrown in /home2/wbuvhbte/public_html/core/vendor/laravel/framework/src/Illuminate/Container/Container.php on line 961
[28-Aug-2025 15:18:50 America/Chicago] PHP Fatal error:  Uncaught ReflectionException: Class "db" does not exist in /home2/wbuvhbte/public_html/core/vendor/laravel/framework/src/Illuminate/Container/Container.php:959
Stack trace:
#0 /home2/wbuvhbte/public_html/core/vendor/laravel/framework/src/Illuminate/Container/Container.php(959): ReflectionClass->__construct('db')
#1 /home2/wbuvhbte/public_html/core/vendor/laravel/framework/src/Illuminate/Container/Container.php(832): Illuminate\Container\Container->build('db')
#2 /home2/wbuvhbte/public_html/core/vendor/laravel/framework/src/Illuminate/Foundation/Application.php(1078): Illuminate\Container\Container->resolve('db', Array, true)
#3 /home2/wbuvhbte/public_html/core/vendor/laravel/framework/src/Illuminate/Container/Container.php(763): Illuminate\Foundation\Application->resolve('db', Array)
#4 /home2/wbuvhbte/public_html/core/vendor/laravel/framework/src/Illuminate/Foundation/Application.php(1058): Illuminate\Container\Container->make('db', Array)
#5 Command line code(1): Illuminate\Foundation\Application->make('db')
#6 {main}

Next Illuminate\Contracts\Container\BindingResolutionException: Target class [db] does not exist. in /home2/wbuvhbte/public_html/core/vendor/laravel/framework/src/Illuminate/Container/Container.php:961
Stack trace:
#0 /home2/wbuvhbte/public_html/core/vendor/laravel/framework/src/Illuminate/Container/Container.php(832): Illuminate\Container\Container->build('db')
#1 /home2/wbuvhbte/public_html/core/vendor/laravel/framework/src/Illuminate/Foundation/Application.php(1078): Illuminate\Container\Container->resolve('db', Array, true)
#2 /home2/wbuvhbte/public_html/core/vendor/laravel/framework/src/Illuminate/Container/Container.php(763): Illuminate\Foundation\Application->resolve('db', Array)
#3 /home2/wbuvhbte/public_html/core/vendor/laravel/framework/src/Illuminate/Foundation/Application.php(1058): Illuminate\Container\Container->make('db', Array)
#4 Command line code(1): Illuminate\Foundation\Application->make('db')
#5 {main}
  thrown in /home2/wbuvhbte/public_html/core/vendor/laravel/framework/src/Illuminate/Container/Container.php on line 961
[28-Aug-2025 15:21:10 America/Chicago] PHP Fatal error:  Uncaught ReflectionException: Class "db" does not exist in /home2/wbuvhbte/public_html/core/vendor/laravel/framework/src/Illuminate/Container/Container.php:959
Stack trace:
#0 /home2/wbuvhbte/public_html/core/vendor/laravel/framework/src/Illuminate/Container/Container.php(959): ReflectionClass->__construct('db')
#1 /home2/wbuvhbte/public_html/core/vendor/laravel/framework/src/Illuminate/Container/Container.php(832): Illuminate\Container\Container->build('db')
#2 /home2/wbuvhbte/public_html/core/vendor/laravel/framework/src/Illuminate/Foundation/Application.php(1078): Illuminate\Container\Container->resolve('db', Array, true)
#3 /home2/wbuvhbte/public_html/core/vendor/laravel/framework/src/Illuminate/Container/Container.php(763): Illuminate\Foundation\Application->resolve('db', Array)
#4 /home2/wbuvhbte/public_html/core/vendor/laravel/framework/src/Illuminate/Foundation/Application.php(1058): Illuminate\Container\Container->make('db', Array)
#5 Command line code(1): Illuminate\Foundation\Application->make('db')
#6 {main}

Next Illuminate\Contracts\Container\BindingResolutionException: Target class [db] does not exist. in /home2/wbuvhbte/public_html/core/vendor/laravel/framework/src/Illuminate/Container/Container.php:961
Stack trace:
#0 /home2/wbuvhbte/public_html/core/vendor/laravel/framework/src/Illuminate/Container/Container.php(832): Illuminate\Container\Container->build('db')
#1 /home2/wbuvhbte/public_html/core/vendor/laravel/framework/src/Illuminate/Foundation/Application.php(1078): Illuminate\Container\Container->resolve('db', Array, true)
#2 /home2/wbuvhbte/public_html/core/vendor/laravel/framework/src/Illuminate/Container/Container.php(763): Illuminate\Foundation\Application->resolve('db', Array)
#3 /home2/wbuvhbte/public_html/core/vendor/laravel/framework/src/Illuminate/Foundation/Application.php(1058): Illuminate\Container\Container->make('db', Array)
#4 Command line code(1): Illuminate\Foundation\Application->make('db')
#5 {main}
  thrown in /home2/wbuvhbte/public_html/core/vendor/laravel/framework/src/Illuminate/Container/Container.php on line 961
[28-Aug-2025 15:21:17 America/Chicago] PHP Fatal error:  Uncaught ReflectionException: Class "db" does not exist in /home2/wbuvhbte/public_html/core/vendor/laravel/framework/src/Illuminate/Container/Container.php:959
Stack trace:
#0 /home2/wbuvhbte/public_html/core/vendor/laravel/framework/src/Illuminate/Container/Container.php(959): ReflectionClass->__construct('db')
#1 /home2/wbuvhbte/public_html/core/vendor/laravel/framework/src/Illuminate/Container/Container.php(832): Illuminate\Container\Container->build('db')
#2 /home2/wbuvhbte/public_html/core/vendor/laravel/framework/src/Illuminate/Foundation/Application.php(1078): Illuminate\Container\Container->resolve('db', Array, true)
#3 /home2/wbuvhbte/public_html/core/vendor/laravel/framework/src/Illuminate/Container/Container.php(763): Illuminate\Foundation\Application->resolve('db', Array)
#4 /home2/wbuvhbte/public_html/core/vendor/laravel/framework/src/Illuminate/Foundation/Application.php(1058): Illuminate\Container\Container->make('db', Array)
#5 Command line code(1): Illuminate\Foundation\Application->make('db')
#6 {main}

Next Illuminate\Contracts\Container\BindingResolutionException: Target class [db] does not exist. in /home2/wbuvhbte/public_html/core/vendor/laravel/framework/src/Illuminate/Container/Container.php:961
Stack trace:
#0 /home2/wbuvhbte/public_html/core/vendor/laravel/framework/src/Illuminate/Container/Container.php(832): Illuminate\Container\Container->build('db')
#1 /home2/wbuvhbte/public_html/core/vendor/laravel/framework/src/Illuminate/Foundation/Application.php(1078): Illuminate\Container\Container->resolve('db', Array, true)
#2 /home2/wbuvhbte/public_html/core/vendor/laravel/framework/src/Illuminate/Container/Container.php(763): Illuminate\Foundation\Application->resolve('db', Array)
#3 /home2/wbuvhbte/public_html/core/vendor/laravel/framework/src/Illuminate/Foundation/Application.php(1058): Illuminate\Container\Container->make('db', Array)
#4 Command line code(1): Illuminate\Foundation\Application->make('db')
#5 {main}
  thrown in /home2/wbuvhbte/public_html/core/vendor/laravel/framework/src/Illuminate/Container/Container.php on line 961
[28-Aug-2025 15:22:23 America/Chicago] PHP Fatal error:  Uncaught PDOException: SQLSTATE[HY000] [1045] Access denied for user 'wbuvhbte_WPJMM'@'localhost' (using password: YES) in /home2/wbuvhbte/public_html/core/vendor/laravel/framework/src/Illuminate/Database/Connectors/Connector.php:66
Stack trace:
#0 /home2/wbuvhbte/public_html/core/vendor/laravel/framework/src/Illuminate/Database/Connectors/Connector.php(66): PDO->__construct('mysql:host=127....', 'wbuvhbte_WPJMM', Object(SensitiveParameterValue), Array)
#1 /home2/wbuvhbte/public_html/core/vendor/laravel/framework/src/Illuminate/Database/Connectors/Connector.php(44): Illuminate\Database\Connectors\Connector->createPdoConnection('mysql:host=127....', 'wbuvhbte_WPJMM', Object(SensitiveParameterValue), Array)
#2 /home2/wbuvhbte/public_html/core/vendor/laravel/framework/src/Illuminate/Database/Connectors/MySqlConnector.php(24): Illuminate\Database\Connectors\Connector->createConnection('mysql:host=127....', Array, Array)
#3 /home2/wbuvhbte/public_html/core/vendor/laravel/framework/src/Illuminate/Database/Connectors/ConnectionFactory.php(185): Illuminate\Database\Connectors\MySqlConnector->connect(Array)
#4 [internal function]: Illuminate\Database\Connectors\ConnectionFactory->Illuminate\Database\Connectors\{closure}()
#5 /home2/wbuvhbte/public_html/core/vendor/laravel/framework/src/Illuminate/Database/Connection.php(1231): call_user_func(Object(Closure))
#6 Command line code(1): Illuminate\Database\Connection->getPdo()
#7 {main}
  thrown in /home2/wbuvhbte/public_html/core/vendor/laravel/framework/src/Illuminate/Database/Connectors/Connector.php on line 66
[28-Aug-2025 15:22:32 America/Chicago] PHP Fatal error:  Uncaught PDOException: SQLSTATE[HY000] [1045] Access denied for user 'wbuvhbte_WPJMM'@'localhost' (using password: YES) in /home2/wbuvhbte/public_html/core/vendor/laravel/framework/src/Illuminate/Database/Connectors/Connector.php:66
Stack trace:
#0 /home2/wbuvhbte/public_html/core/vendor/laravel/framework/src/Illuminate/Database/Connectors/Connector.php(66): PDO->__construct('mysql:host=127....', 'wbuvhbte_WPJMM', Object(SensitiveParameterValue), Array)
#1 /home2/wbuvhbte/public_html/core/vendor/laravel/framework/src/Illuminate/Database/Connectors/Connector.php(44): Illuminate\Database\Connectors\Connector->createPdoConnection('mysql:host=127....', 'wbuvhbte_WPJMM', Object(SensitiveParameterValue), Array)
#2 /home2/wbuvhbte/public_html/core/vendor/laravel/framework/src/Illuminate/Database/Connectors/MySqlConnector.php(24): Illuminate\Database\Connectors\Connector->createConnection('mysql:host=127....', Array, Array)
#3 /home2/wbuvhbte/public_html/core/vendor/laravel/framework/src/Illuminate/Database/Connectors/ConnectionFactory.php(185): Illuminate\Database\Connectors\MySqlConnector->connect(Array)
#4 [internal function]: Illuminate\Database\Connectors\ConnectionFactory->Illuminate\Database\Connectors\{closure}()
#5 /home2/wbuvhbte/public_html/core/vendor/laravel/framework/src/Illuminate/Database/Connection.php(1231): call_user_func(Object(Closure))
#6 Command line code(1): Illuminate\Database\Connection->getPdo()
#7 {main}
  thrown in /home2/wbuvhbte/public_html/core/vendor/laravel/framework/src/Illuminate/Database/Connectors/Connector.php on line 66
[20-Sep-2025 16:07:26 America/Chicago] PHP Fatal error:  Cannot override final method PHPUnit\Framework\Assert::isJson() in /home2/wbuvhbte/public_html/core/tests/Feature/RemoteApiSmokeTest.php on line 71
[20-Sep-2025 16:15:04 America/Chicago] PHP Fatal error:  Cannot override final method PHPUnit\Framework\Assert::isJson() in /home2/wbuvhbte/public_html/core/tests/Feature/RemoteApiSmokeTest.php on line 71
[20-Sep-2025 16:15:06 America/Chicago] PHP Fatal error:  Cannot override final method PHPUnit\Framework\Assert::isJson() in /home2/wbuvhbte/public_html/core/tests/Feature/RemoteApiSmokeTest.php on line 71
[20-Sep-2025 16:16:23 America/Chicago] PHP Fatal error:  Cannot override final method PHPUnit\Framework\Assert::isJson() in /home2/wbuvhbte/public_html/core/tests/Feature/RemoteApiSmokeTest.php on line 71
[20-Sep-2025 16:19:39 America/Chicago] PHP Fatal error:  Cannot override final method PHPUnit\Framework\Assert::isJson() in /home2/wbuvhbte/public_html/core/tests/Feature/RemoteApiSmokeTest.php on line 71
[20-Sep-2025 16:19:42 America/Chicago] PHP Fatal error:  Cannot override final method PHPUnit\Framework\Assert::isJson() in /home2/wbuvhbte/public_html/core/tests/Feature/RemoteApiSmokeTest.php on line 71
[20-Sep-2025 16:19:48 America/Chicago] PHP Fatal error:  Cannot override final method PHPUnit\Framework\Assert::isJson() in /home2/wbuvhbte/public_html/core/tests/Feature/RemoteApiSmokeTest.php on line 71
[20-Sep-2025 16:21:50 America/Chicago] PHP Fatal error:  Cannot override final method PHPUnit\Framework\Assert::isJson() in /home2/wbuvhbte/public_html/core/tests/Feature/RemoteApiSmokeTest.php on line 71
[20-Sep-2025 16:25:03 America/Chicago] PHP Fatal error:  Cannot override final method PHPUnit\Framework\Assert::isJson() in /home2/wbuvhbte/public_html/core/tests/Feature/RemoteApiSmokeTest.php on line 71
[20-Sep-2025 16:25:05 America/Chicago] PHP Fatal error:  Cannot override final method PHPUnit\Framework\Assert::isJson() in /home2/wbuvhbte/public_html/core/tests/Feature/RemoteApiSmokeTest.php on line 71
[26-Sep-2025 17:12:20 America/Chicago] PHP Parse error:  Unclosed '{' on line 17 in app/Http/Middleware/TokenPermission.php on line 20
[30-Sep-2025 15:28:30 America/Chicago] PHP Warning:  Undefined variable $QALwQBL2GQxx6pAeAv7xqeBY9TKTiLNc1U8NuRkWbFJ in Command line code on line 1
